<?xml version="1.0" encoding="UTF-8"?>
<testsuite xmlns:xsi="http://www.w3.org/2001/XMLSchema-instance" xsi:noNamespaceSchemaLocation="https://maven.apache.org/surefire/maven-surefire-plugin/xsd/surefire-test-report.xsd" name="org.sjsu.cmpe202.parser.XmlFileParserTest" time="0.178" tests="3" errors="0" skipped="0" failures="0">
  <properties>
[...]
</properties>
  <testcase name="testXmlParser" classname="org.sjsu.cmpe202.parser.XmlFileParserTest" time="0.164"/>
  <testcase name="testEmptyFile" classname="org.sjsu.cmpe202.parser.XmlFileParserTest" time="0.002"/>
  <testcase name="testInvalidXmlParameters" classname="org.sjsu.cmpe202.parser.XmlFileParserTest" time="0.012"/>
</testsuite>